<!DOCTYPE mydocument>
<tbe-level>
    <levelinfo>
        <title>Test Pingus</title>
        <author>Klaas van Gend</author>
        <license>GPLv2</license>
        <description>TEST LEVEL TO VALIDATE OPERATION OF PINGUS.</description>
        <date>10/11/09</date>
    </levelinfo>
    <toolbox />
    <scene>
        <scenesize width="6" height="3.5"/>
        <predefined>
            <object width="5.000" X="2.500" Y="2.000" height="0.200" type="RightRamp" angle="0.000"/>
            <object width="3.000" X="4.500" Y="1.500" height="0.100" type="LeftRamp" angle="0.000"/>
            <object width="3.000" X="2.500" Y="1.200" height="0.100" type="LeftRamp" angle="0.000"/>
            <object width="0.100" X="6.050" Y="1.800" height="1.000" type="Floor" angle="0.000"/>
            <object width="0.320" X="0.2" Y="3.2" height="0.320" type="Pingus" angle="0.000" ID="pingus0"/>
            <object width="0.320" X="0.55" Y="2.8" height="0.320" type="Pingus" angle="0.000" ID="pingus1"/>
            <object width="0.320" X="0.2" Y="0.3" height="0.320" type="Pingus" angle="0.000" ID="pingus2"/>
            <!--object width="0.320" X="0.6" Y="2.8" height="0.320" type="TennisBall" angle="0.000" /-->
            <object width="0.270" X="7.8" Y="0.300" height="0.360" type="Balloon" angle="0.000"/>
        </predefined>
        <background>
            <gradientstop pos="0.00">0.67;1.00;0.50;1.00</gradientstop>
            <gradientstop pos="1.00">0.50;0.50;0.90;1.00</gradientstop>
        </background>
    </scene>
    <goals>
        <goal type="positionchange">
            <property key="xover">7.0</property>
            <property key="object">pingus1</property>
        </goal>
    </goals>
    <hints />
</tbe-level>
