<!DOCTYPE mydocument>
<tbe-level>
    <levelinfo>
        <title>PivotPoint test Level...</title>
        <author>Klaas van Gend</author>
        <license>GPLv2</license>
        <description>This is the second level to prove PivotPoint correct operation. 
	This level shows the famous line of metal balls. Lifting one and letting it go
	should result in all balls staying stationary and the last ball moving up.
	
	NOTE THAT TBE DOESN'T BEHAVE LIKE THAT !!!
	</description>
        <date>Jan 16, 2010</date>
    </levelinfo>
     <toolbox>
        <toolboxitem count="1" name="Bowling Ball">
	    <object type="BowlingBall"/>
        </toolboxitem>
   </toolbox>
    <scene>
        <scenesize width="5.5" height="4" />
        <predefined>
            <object width="5.5" X="2.75" Y="0.05" type="Floor" >
                <property key="ImageName" >used_wood_bar</property>
            </object>
            
	    <object type="BowlingBall" X="0.1" Y="0.92" angle="-0.35">
                <property key="ImageName" >metalball</property>
	        <property key="PivotPoint">(0.0,2.0)</property>
		<property key="Friction">0</property>
	    </object>

	    <object type="BowlingBall" X="1.0" Y="0.8">
                <property key="ImageName" >metalball</property>
	        <property key="PivotPoint">(0.0,2.0)</property>
		<property key="Friction">0</property>
	    </object>
	    <object type="BowlingBall" X="1.22" Y="0.8">
                <property key="ImageName" >metalball</property>
	        <property key="PivotPoint">(0.0,2.0)</property>
		<property key="Friction">0</property>
	    </object>
	    <object type="BowlingBall" X="1.44" Y="0.8">
                <property key="ImageName" >metalball</property>
	        <property key="PivotPoint">(0.0,2.0)</property>
		<property key="Friction">0</property>
	    </object>
	    <object type="BowlingBall" X="1.66" Y="0.8">
                <property key="ImageName" >metalball</property>
	        <property key="PivotPoint">(0.0,2.0)</property>
		<property key="Friction">0</property>
	    </object>
	    <object type="BowlingBall" X="1.88" Y="0.8">
                <property key="ImageName" >metalball</property>
	        <property key="PivotPoint">(0.0,2.0)</property>
		<property key="Friction">0</property>
	    </object>
	    <object type="BowlingBall" X="2.10" Y="0.8">
                <property key="ImageName" >metalball</property>
	        <property key="PivotPoint">(0.0,2.0)</property>
		<property key="Friction">0</property>
	    </object>
	    <object type="BowlingBall" X="2.32" Y="0.8" ID="thelast">
                <property key="ImageName" >metalball</property>
	        <property key="PivotPoint">(0.0,2.0)</property>
		<property key="Friction">0</property>
	    </object>
	    
</predefined>
    </scene>
	<goals>
		<goal type="positionchange">
		   <property key="xover">2.5</property>
		   <property key="object">thelast</property>
		</goal>
	</goals>
</tbe-level>
